<?xml version="1.0" encoding="UTF-8"?>
<!-- Generated by org.testng.reporters.JUnitReportReporter -->
<testsuite hostname="DESKTOP-4DHKOO5" failures="0" tests="1" name="tests.SearchTest" time="37.528" errors="0" timestamp="2021-02-04T14:12:33 PST" skipped="0">
  <testcase classname="tests.SearchTest" name="UserCanSearchForProducts" time="37.528"/>
  <system-out/>
</testsuite> <!-- tests.SearchTest -->
